[214月2026 16:45:04.392] [main/INFO] [cpw.mods.modlauncher.Launcher/MODLAUNCHER]: ModLauncher running: args [--launchTarget, forgeclientdev, --version, 21.1.227, --assetIndex, 17, --assetsDir, C:\\Users\\A\\.gradle\\caches\\neoformruntime\\assets, --gameDir, ., --fml.fmlVersion, 4.0.42, --fml.mcVersion, 1.21.1, --fml.neoForgeVersion, 21.1.227, --fml.neoFormVersion, 20240808.144430]
[214月2026 16:45:04.393] [main/INFO] [cpw.mods.modlauncher.Launcher/MODLAUNCHER]: JVM identified as Oracle Corporation Java HotSpot(TM) 64-Bit Server VM 21.0.10+8-LTS-jvmci-23.1-b84
[214月2026 16:45:04.393] [main/INFO] [cpw.mods.modlauncher.Launcher/MODLAUNCHER]: ModLauncher 11.0.5+main.901c6ea8 starting: java version 21.0.10 by Oracle Corporation; OS Windows 11 arch amd64 version 10.0
[214月2026 16:45:04.448] [main/INFO] [net.neoforged.fml.loading.ImmediateWindowHandler/]: Loading ImmediateWindowProvider fmlearlywindow
[214月2026 16:45:04.517] [main/INFO] [EARLYDISPLAY/]: Trying GL version 4.6
[214月2026 16:45:04.757] [main/INFO] [EARLYDISPLAY/]: Requested GL version 4.6 got version 4.6
[214月2026 16:45:04.831] [main/INFO] [mixin/]: SpongePowered MIXIN Subsystem Version=0.8.7 Source=union:/C:/Users/A/.gradle/caches/modules-2/files-2.1/net.fabricmc/sponge-mixin/0.15.2+mixin.0.8.7/2af2f021d8e02a0220dc27a7a72b4666d66d44ca/sponge-mixin-0.15.2+mixin.0.8.7.jar%23138!/ Service=ModLauncher Env=CLIENT
[214月2026 16:45:04.915] [pool-2-thread-1/INFO] [EARLYDISPLAY/]: GL info: AMD Radeon RX 9070 XT GL version 4.6.0 Core Profile Context 26.3.1.260309, ATI Technologies Inc.
[214月2026 16:45:05.502] [main/WARN] [net.neoforged.jarjar.selection.JarSelector/]: Attempted to select a dependency jar for JarJar which was passed in as source: veil. Using Mod File: C:\Users\A\.gradle\caches\modules-2\files-2.1\foundry.veil\veil-neoforge-1.21.1\3.6.0\945cb6848b9ab263f7043bb0b5e5fdf8b676d15d\veil-neoforge-1.21.1-3.6.0.jar
[214月2026 16:45:05.502] [main/WARN] [net.neoforged.jarjar.selection.JarSelector/]: Attempted to select a dependency jar for JarJar which was passed in as source: ponder. Using Mod File: C:\Users\A\.gradle\caches\modules-2\files-2.1\net.createmod.ponder\ponder-neoforge\1.0.81+mc1.21.1\33d5fda0be2726256eb4722f1da2dad5d073d08d\ponder-neoforge-1.0.81+mc1.21.1.jar
[214月2026 16:45:05.502] [main/WARN] [net.neoforged.jarjar.selection.JarSelector/]: Attempted to select a dependency jar for JarJar which was passed in as source: library:Registrate.MC1._21._67. Using Mod File: C:\Users\A\.gradle\caches\modules-2\files-2.1\com.tterrag.registrate\Registrate\MC1.21-1.3.0+67\66ddc4cd56472fea1ea1a24182901e6c92a51c0a\Registrate-MC1.21-1.3.0+67.jar
[214月2026 16:45:05.502] [main/WARN] [net.neoforged.jarjar.selection.JarSelector/]: Attempted to select a dependency jar for JarJar which was passed in as source: sablecompanion. Using Mod File: C:\Users\A\.gradle\caches\modules-2\files-2.1\dev.ryanhcode.sable-companion\sable-companion-common-1.21.1\1.4.2\555d1f8a530502c4a4bb8fea3f73a82bebfad1f8\sable-companion-common-1.21.1-1.4.2.jar
[214月2026 16:45:05.502] [main/WARN] [net.neoforged.jarjar.selection.JarSelector/]: Attempted to select a dependency jar for JarJar which was passed in as source: flywheel. Using Mod File: C:\Users\A\.gradle\caches\modules-2\files-2.1\dev.engine-room.flywheel\flywheel-neoforge-1.21.1\1.0.6\a943872ad0bdd4458d818d8d7dc123fb250eb744\flywheel-neoforge-1.21.1-1.0.6.jar
[214月2026 16:45:05.502] [main/INFO] [net.neoforged.fml.loading.moddiscovery.locators.JarInJarDependencyLocator/]: Found 9 dependencies adding them to mods collection
[214月2026 16:45:05.504] [main/INFO] [net.neoforged.fml.loading.moddiscovery.ModDiscoverer/]: 
     Mod List:
		Name Version (Mod Id)

		Create 6.0.9 (create)
		Create Aeronautics Tournament 1.0.0 (sable_tournament)
		Flywheel 1.0.6 (flywheel)
		Minecraft 1.21.1 (minecraft)
		NeoForge 21.1.227 (neoforge)
		Ponder 1.0.81+mc1.21.1 (ponder)
		Sable 1.0.6 (sable)
		Sable Companion 1.4.2 (sablecompanion)
		Veil 3.6.0 (veil)
[214月2026 16:45:06.135] [main/INFO] [mixin/]: Compatibility level set to JAVA_21
[214月2026 16:45:06.150] [main/INFO] [cpw.mods.modlauncher.LaunchServiceHandler/MODLAUNCHER]: Launching target 'forgeclientdev' with arguments [--version, 21.1.227, --gameDir, ., --assetsDir, C:\Users\A\.gradle\caches\neoformruntime\assets, --assetIndex, 17]
[214月2026 16:45:06.192] [main/WARN] [mixin/]: Reference map 'veil.refmap.json' for veil.debug.mixins.json could not be read. If this is a development environment you can ignore this message
[214月2026 16:45:06.193] [main/WARN] [mixin/]: Reference map 'veil.refmap.json' for veil.dynamicbuffer.mixins.json could not be read. If this is a development environment you can ignore this message
[214月2026 16:45:06.193] [main/WARN] [mixin/]: Reference map 'veil.refmap.json' for veil.fix.mixins.json could not be read. If this is a development environment you can ignore this message
[214月2026 16:45:06.193] [main/WARN] [mixin/]: Reference map 'veil.refmap.json' for veil.framebuffer.mixins.json could not be read. If this is a development environment you can ignore this message
[214月2026 16:45:06.194] [main/WARN] [mixin/]: Reference map 'veil.refmap.json' for veil.imgui.mixins.json could not be read. If this is a development environment you can ignore this message
[214月2026 16:45:06.194] [main/WARN] [mixin/]: Reference map 'veil.refmap.json' for veil.necromancer.mixins.json could not be read. If this is a development environment you can ignore this message
[214月2026 16:45:06.194] [main/WARN] [mixin/]: Reference map 'veil.refmap.json' for veil.performance.mixins.json could not be read. If this is a development environment you can ignore this message
[214月2026 16:45:06.194] [main/WARN] [mixin/]: Reference map 'veil.refmap.json' for veil.perspective.mixins.json could not be read. If this is a development environment you can ignore this message
[214月2026 16:45:06.194] [main/WARN] [mixin/]: Reference map 'veil.refmap.json' for veil.pipeline.mixins.json could not be read. If this is a development environment you can ignore this message
[214月2026 16:45:06.194] [main/WARN] [mixin/]: Reference map 'veil.refmap.json' for veil.quasar.mixins.json could not be read. If this is a development environment you can ignore this message
[214月2026 16:45:06.195] [main/WARN] [mixin/]: Reference map 'veil.refmap.json' for veil.registry.mixins.json could not be read. If this is a development environment you can ignore this message
[214月2026 16:45:06.195] [main/WARN] [mixin/]: Reference map 'veil.refmap.json' for veil.rendertype.mixins.json could not be read. If this is a development environment you can ignore this message
[214月2026 16:45:06.195] [main/WARN] [mixin/]: Reference map 'veil.refmap.json' for veil.resource.mixins.json could not be read. If this is a development environment you can ignore this message
[214月2026 16:45:06.195] [main/WARN] [mixin/]: Reference map 'veil.refmap.json' for veil.scheduler.mixins.json could not be read. If this is a development environment you can ignore this message
[214月2026 16:45:06.195] [main/WARN] [mixin/]: Reference map 'veil.refmap.json' for veil.shader.mixins.json could not be read. If this is a development environment you can ignore this message
[214月2026 16:45:06.195] [main/WARN] [mixin/]: Reference map 'veil.refmap.json' for veil.neoforge.mixins.json could not be read. If this is a development environment you can ignore this message
[214月2026 16:45:06.200] [main/WARN] [mixin/]: Reference map 'ponder.refmap.json' for ponder-common.mixins.json could not be read. If this is a development environment you can ignore this message
[214月2026 16:45:06.205] [main/INFO] [dev.ryanhcode.sable.sublevel.render.AbstractSableMixinPlugin/]: Using Vanilla renderer mixins
[214月2026 16:45:06.205] [main/INFO] [dev.ryanhcode.sable.sublevel.render.AbstractSableMixinPlugin/]: Using Vanilla renderer mixins
[214月2026 16:45:06.353] [main/WARN] [mixin/]: Error loading class: net/irisshaders/iris/pipeline/PipelineManager (java.lang.ClassNotFoundException: net.irisshaders.iris.pipeline.PipelineManager)
[214月2026 16:45:06.353] [main/WARN] [mixin/]: @Mixin target net.irisshaders.iris.pipeline.PipelineManager was not found veil.neoforge.mixins.json:client.perspective.iris.PipelineManagerMixin from mod veil
[214月2026 16:45:06.539] [main/WARN] [mixin/]: Error loading class: xaero/map/gui/GuiMap (java.lang.ClassNotFoundException: xaero.map.gui.GuiMap)
[214月2026 16:45:06.539] [main/WARN] [mixin/]: @Mixin target xaero.map.gui.GuiMap was not found create.mixins.json:compat.xaeros.XaeroFullscreenMapAccessor from mod create
[214月2026 16:45:06.539] [main/WARN] [mixin/]: Error loading class: xaero/map/gui/GuiMap (java.lang.ClassNotFoundException: xaero.map.gui.GuiMap)
[214月2026 16:45:06.539] [main/WARN] [mixin/]: @Mixin target xaero.map.gui.GuiMap was not found create.mixins.json:compat.xaeros.XaeroFullscreenMapMixin from mod create
[214月2026 16:45:06.581] [main/WARN] [mixin/]: Error loading class: org/jetbrains/annotations/ApiStatus$Internal (java.lang.ClassNotFoundException: org.jetbrains.annotations.ApiStatus$Internal)
[214月2026 16:45:06.583] [main/WARN] [mixin/]: Error loading class: org/jetbrains/annotations/ApiStatus$ScheduledForRemoval (java.lang.ClassNotFoundException: org.jetbrains.annotations.ApiStatus$ScheduledForRemoval)
[214月2026 16:45:06.592] [main/INFO] [MixinExtras|Service/]: Initializing MixinExtras via com.llamalad7.mixinextras.service.MixinExtrasServiceImpl(version=0.5.3).
[214月2026 16:45:07.257] [Datafixer Bootstrap/INFO] [com.mojang.datafixers.DataFixerBuilder/]: 229 Datafixer optimizations took 97 milliseconds
[214月2026 16:45:07.507] [main/WARN] [oshi.driver.windows.perfmon.PerfmonDisabled/]: Invalid registry value type detected for PerfOS counters. Should be REG_DWORD. Ignoring: HKEY_LOCAL_MACHINE\SYSTEM\CurrentControlSet\Services\PerfOS\Performance\Disable Performance Counters.
[214月2026 16:45:10.026] [main/WARN] [net.minecraft.commands.Commands/]: Ambiguity between arguments [teleport, location] and [teleport, destination] with inputs: [0.1 -0.5 .9, 0 0 0]
[214月2026 16:45:10.027] [main/WARN] [net.minecraft.commands.Commands/]: Ambiguity between arguments [teleport, location] and [teleport, targets] with inputs: [0.1 -0.5 .9, 0 0 0]
[214月2026 16:45:10.029] [main/WARN] [net.minecraft.commands.Commands/]: Ambiguity between arguments [teleport, destination] and [teleport, targets] with inputs: [Player, 0123, @e, dd12be42-52a9-4a91-a8a1-11c01849e498]
[214月2026 16:45:10.029] [main/WARN] [net.minecraft.commands.Commands/]: Ambiguity between arguments [teleport, targets] and [teleport, destination] with inputs: [Player, 0123, dd12be42-52a9-4a91-a8a1-11c01849e498]
[214月2026 16:45:10.031] [main/WARN] [net.minecraft.commands.Commands/]: Ambiguity between arguments [teleport, targets, location] and [teleport, targets, destination] with inputs: [0.1 -0.5 .9, 0 0 0]
[214月2026 16:45:10.139] [Render thread/WARN] [net.minecraft.server.packs.VanillaPackResourcesBuilder/]: Assets URL 'union:/C:/Users/A/Desktop/beglife/sable_tournament/build/moddev/artifacts/neoforge-21.1.227.jar%23189!/assets/.mcassetsroot' uses unexpected schema
[214月2026 16:45:10.139] [Render thread/WARN] [net.minecraft.server.packs.VanillaPackResourcesBuilder/]: Assets URL 'union:/C:/Users/A/Desktop/beglife/sable_tournament/build/moddev/artifacts/neoforge-21.1.227.jar%23189!/data/.mcassetsroot' uses unexpected schema
[214月2026 16:45:10.155] [Render thread/INFO] [com.mojang.authlib.yggdrasil.YggdrasilAuthenticationService/]: Environment: Environment[sessionHost=https://sessionserver.mojang.com, servicesHost=https://api.minecraftservices.com, name=PROD]
[214月2026 16:45:10.161] [Render thread/INFO] [net.minecraft.client.Minecraft/]: Setting user: Dev
[214月2026 16:45:10.208] [Render thread/INFO] [net.minecraft.client.Minecraft/]: Backend library: LWJGL version 3.3.3+5
[214月2026 16:45:10.528] [modloading-worker-0/INFO] [Veil/]: Veil is initializing.
[214月2026 16:45:10.537] [modloading-worker-0/INFO] [net.neoforged.neoforge.common.NeoForgeMod/NEOFORGE-MOD]: NeoForge mod loading, version 21.1.227, for MC 1.21.1
[214月2026 16:45:10.670] [modloading-worker-0/INFO] [com.simibubi.create.Create/]: Create 6.0.9 initializing! Commit hash: e2de2b9a02406ec33ff6d8851ed6f0b56240b6ec
[214月2026 16:45:10.685] [modloading-worker-0/INFO] [dev.ryanhcode.sable.Sable/]: Sable loaded!
[214月2026 16:45:10.700] [modloading-worker-0/WARN] [dev.ryanhcode.sable.Sable/]: NOTE: Sable is loaded with Flywheel. Sable contains extensive shader overrides and a full light-storage replacement. Expect this to cause compatibility issues. If issues arise, please report them to the Sable issue tracker (https://github.com/ryanhcode/sable/issues) instead of the Flywheel issue tracker.
[214月2026 16:45:10.715] [modloading-worker-0/INFO] [org.anonymous.sable_tournament.SableTournament/]: Sable Tournament initialized!
[214月2026 16:45:12.218] [Render thread/INFO] [Veil/]: GL Debug supported
[214月2026 16:45:12.414] [Render thread/INFO] [net.neoforged.neoforge.gametest.GameTestHooks/]: Enabled Gametest Namespaces: [sable_tournament]
[214月2026 16:45:12.673] [Render thread/INFO] [net.minecraft.server.packs.resources.ReloadableResourceManager/]: Reloading ResourceManager: vanilla, mod_resources, mod/veil, mod/sablecompanion, mod/flywheel, mod/ponder, mod/create, mod/neoforge, mod/sable, mod/sable_tournament
[214月2026 16:45:12.684] [Worker-Main-1/INFO] [org.anonymous.sable_tournament.SableTournament/]: Common setup complete
[214月2026 16:45:12.752] [Worker-Main-13/INFO] [net.minecraft.client.gui.font.providers.UnihexProvider/]: Found unifont_jp_patch-15.1.05.hex, loading
[214月2026 16:45:12.752] [Worker-Main-15/INFO] [net.minecraft.client.gui.font.providers.UnihexProvider/]: Found unifont_all_no_pua-15.1.05.hex, loading
[214月2026 16:45:13.759] [Render thread/INFO] [Veil/]: Loaded 0 shader modifications
[214月2026 16:45:13.909] [Render thread/INFO] [Veil/]: Loaded 17 shaders from: pinwheel/shaders/program
[214月2026 16:45:14.073] [Worker-Main-19/INFO] [PonderIndex/]: Registering Ponder Scenes took 28.92 ms
[214月2026 16:45:14.075] [Worker-Main-19/INFO] [PonderIndex/]: Registering Ponder Tags took 1.922 ms
[214月2026 16:45:14.133] [Render thread/WARN] [net.minecraft.client.sounds.SoundEngine/]: Missing sound for event: minecraft:item.goat_horn.play
[214月2026 16:45:14.134] [Render thread/WARN] [net.minecraft.client.sounds.SoundEngine/]: Missing sound for event: minecraft:entity.goat.screaming.horn_break
[214月2026 16:45:14.230] [Render thread/INFO] [com.mojang.blaze3d.audio.Library/]: OpenAL initialized on device OpenAL Soft on HECATE GAMING HEADSET (2- HECATE G2 PRO)
[214月2026 16:45:14.230] [Render thread/INFO] [net.minecraft.client.sounds.SoundEngine/SOUNDS]: Sound engine started
[214月2026 16:45:14.279] [Render thread/INFO] [net.minecraft.client.renderer.texture.TextureAtlas/]: Created: 2048x1024x4 minecraft:textures/atlas/blocks.png-atlas
[214月2026 16:45:14.287] [Render thread/INFO] [net.minecraft.client.renderer.texture.TextureAtlas/]: Created: 256x256x4 minecraft:textures/atlas/signs.png-atlas
[214月2026 16:45:14.287] [Render thread/INFO] [net.minecraft.client.renderer.texture.TextureAtlas/]: Created: 512x512x4 minecraft:textures/atlas/shield_patterns.png-atlas
[214月2026 16:45:14.288] [Render thread/INFO] [net.minecraft.client.renderer.texture.TextureAtlas/]: Created: 512x512x4 minecraft:textures/atlas/banner_patterns.png-atlas
[214月2026 16:45:14.289] [Render thread/INFO] [net.minecraft.client.renderer.texture.TextureAtlas/]: Created: 2048x1024x4 minecraft:textures/atlas/armor_trims.png-atlas
[214月2026 16:45:14.293] [Render thread/INFO] [net.minecraft.client.renderer.texture.TextureAtlas/]: Created: 256x256x4 minecraft:textures/atlas/chest.png-atlas
[214月2026 16:45:14.293] [Render thread/INFO] [net.minecraft.client.renderer.texture.TextureAtlas/]: Created: 128x64x4 minecraft:textures/atlas/decorated_pot.png-atlas
[214月2026 16:45:14.293] [Render thread/INFO] [net.minecraft.client.renderer.texture.TextureAtlas/]: Created: 512x256x4 minecraft:textures/atlas/beds.png-atlas
[214月2026 16:45:14.293] [Render thread/INFO] [net.minecraft.client.renderer.texture.TextureAtlas/]: Created: 512x256x4 minecraft:textures/atlas/shulker_boxes.png-atlas
[214月2026 16:45:14.329] [Render thread/INFO] [net.minecraft.client.renderer.texture.TextureAtlas/]: Created: 512x256x0 minecraft:textures/atlas/particles.png-atlas
[214月2026 16:45:14.330] [Render thread/INFO] [net.minecraft.client.renderer.texture.TextureAtlas/]: Created: 512x256x0 minecraft:textures/atlas/paintings.png-atlas
[214月2026 16:45:14.330] [Render thread/INFO] [net.minecraft.client.renderer.texture.TextureAtlas/]: Created: 256x128x0 minecraft:textures/atlas/mob_effects.png-atlas
[214月2026 16:45:14.330] [Render thread/INFO] [net.minecraft.client.renderer.texture.TextureAtlas/]: Created: 64x64x0 minecraft:textures/atlas/map_decorations.png-atlas
[214月2026 16:45:14.330] [Render thread/INFO] [net.minecraft.client.renderer.texture.TextureAtlas/]: Created: 1024x512x0 minecraft:textures/atlas/gui.png-atlas
[214月2026 16:45:14.347] [Render thread/WARN] [net.minecraft.client.renderer.ShaderInstance/]: Shader rendertype_entity_translucent_emissive could not find sampler named Sampler2 in the specified shader program.
[214月2026 16:45:14.391] [Render thread/INFO] [Veil/]: Loaded 2 ImGui fonts
[214月2026 16:45:14.392] [Render thread/INFO] [Veil/]: Loaded 2 framebuffers
[214月2026 16:45:14.400] [Render thread/INFO] [Veil/]: Loaded 3 post pipelines
[214月2026 16:45:14.403] [Render thread/INFO] [Veil/]: Loaded 4 render types
[214月2026 16:45:14.403] [Render thread/INFO] [Veil/]: Enabled bloom pipeline
[214月2026 16:45:14.404] [Render thread/INFO] [Veil/]: Loaded 0 quasar particles
[214月2026 16:45:14.404] [Render thread/INFO] [Veil/]: Loaded 0 templates
[214月2026 16:45:14.404] [Render thread/INFO] [Veil/]: Loaded 0 modules
[214月2026 16:45:14.417] [Render thread/INFO] [flywheel/backend/shaders/]: Loaded 77 shader sources in 10.585 ms
[214月2026 16:45:14.431] [Render thread/INFO] [com.simibubi.create.Create/]: Loaded 58 train hat configurations.
[214月2026 16:45:14.431] [Render thread/INFO] [net.neoforged.neoforge.client.entity.animation.json.AnimationLoader/]: Loaded 0 entity animations
[214月2026 16:45:14.434] [Render thread/INFO] [Veil/]: Built veil:jetbrains_mono
[214月2026 16:45:14.435] [Render thread/INFO] [Veil/]: Built veil:remixicon
[214月2026 16:45:14.578] [Render thread/INFO] [Veil/]: Compiled 58 vanilla shaders in 192.1 ms
[214月2026 16:45:15.500] [Render thread/INFO] [Veil/]: Finished uploading vanilla shaders
[214月2026 16:45:18.636] [Render thread/INFO] [com.simibubi.create.Create/]: Created 157 recipes which will be injected into the game
[214月2026 16:45:18.640] [Render thread/INFO] [com.simibubi.create.Create/]: Created 0 tags which will be injected into the game
[214月2026 16:45:18.649] [Render thread/INFO] [net.minecraft.server.MinecraftServer/]: Found new data pack create:dynamic_data, loading it automatically
[214月2026 16:45:19.126] [Render thread/INFO] [net.minecraft.world.item.crafting.RecipeManager/]: Loaded 2783 recipes
[214月2026 16:45:19.200] [Render thread/INFO] [net.minecraft.advancements.AdvancementTree/]: Loaded 2474 advancements
[214月2026 16:45:20.531] [Render thread/INFO] [net.minecraft.client.Minecraft/]: Stopping!
